This file contains any messages produced by compilers while
running configure, to aid debugging if configure makes a mistake.

It was created by Yate configure 5.5.0, which was
generated by GNU Autoconf 2.63.  Invocation command line was

  $ ./configure 

## --------- ##
## Platform. ##
## --------- ##

hostname = PASCALEDEV8
uname -m = x86_64
uname -r = 3.10.0-327.28.2.el7.x86_64
uname -s = Linux
uname -v = #1 SMP Wed Aug 3 11:11:39 UTC 2016

/usr/bin/uname -p = x86_64
/bin/uname -X     = unknown

/bin/arch              = x86_64
/usr/bin/arch -k       = unknown
/usr/convex/getsysinfo = unknown
/usr/bin/hostinfo      = unknown
/bin/machine           = unknown
/usr/bin/oslevel       = unknown
/bin/universe          = unknown

PATH: /usr/lib64/qt-3.3/bin
PATH: /usr/local/bin
PATH: /bin
PATH: /usr/bin
PATH: /usr/local/sbin
PATH: /usr/sbin
PATH: /home/pascale/.local/bin
PATH: /home/pascale/bin


## ----------- ##
## Core tests. ##
## ----------- ##

configure:2007: checking for local operating system type
configure:2011: result: Linux
configure:2021: checking for libraries directory name
configure:2046: result: lib64
configure:2109: checking for g++
configure:2125: found /bin/g++
configure:2136: result: g++
configure:2163: checking for C++ compiler version
configure:2171: g++ --version >&5
g++ (GCC) 4.8.5 20150623 (Red Hat 4.8.5-4)
Copyright (C) 2015 Free Software Foundation, Inc.
This is free software; see the source for copying conditions.  There is NO
warranty; not even for MERCHANTABILITY or FITNESS FOR A PARTICULAR PURPOSE.

configure:2175: $? = 0
configure:2182: g++ -v >&5
Using built-in specs.
COLLECT_GCC=g++
COLLECT_LTO_WRAPPER=/usr/libexec/gcc/x86_64-redhat-linux/4.8.5/lto-wrapper
Target: x86_64-redhat-linux
Configured with: ../configure --prefix=/usr --mandir=/usr/share/man --infodir=/usr/share/info --with-bugurl=http://bugzilla.redhat.com/bugzilla --enable-bootstrap --enable-shared --enable-threads=posix --enable-checking=release --with-system-zlib --enable-__cxa_atexit --disable-libunwind-exceptions --enable-gnu-unique-object --enable-linker-build-id --with-linker-hash-style=gnu --enable-languages=c,c++,objc,obj-c++,java,fortran,ada,go,lto --enable-plugin --enable-initfini-array --disable-libgcj --with-isl=/builddir/build/BUILD/gcc-4.8.5-20150702/obj-x86_64-redhat-linux/isl-install --with-cloog=/builddir/build/BUILD/gcc-4.8.5-20150702/obj-x86_64-redhat-linux/cloog-install --enable-gnu-indirect-function --with-tune=generic --with-arch_32=x86-64 --build=x86_64-redhat-linux
Thread model: posix
gcc version 4.8.5 20150623 (Red Hat 4.8.5-4) (GCC) 
configure:2186: $? = 0
configure:2193: g++ -V >&5
g++: error: unrecognized command line option '-V'
g++: fatal error: no input files
compilation terminated.
configure:2197: $? = 4
configure:2220: checking for C++ compiler default output file name
configure:2242: g++    conftest.cpp  >&5
configure:2246: $? = 0
configure:2284: result: a.out
configure:2303: checking whether the C++ compiler works
configure:2313: ./a.out
configure:2317: $? = 0
configure:2336: result: yes
configure:2343: checking whether we are cross compiling
configure:2345: result: no
configure:2348: checking for suffix of executables
configure:2355: g++ -o conftest    conftest.cpp  >&5
configure:2359: $? = 0
configure:2385: result: 
configure:2391: checking for suffix of object files
configure:2417: g++ -c   conftest.cpp >&5
configure:2421: $? = 0
configure:2446: result: o
configure:2450: checking whether we are using the GNU C++ compiler
configure:2479: g++ -c   conftest.cpp >&5
configure:2486: $? = 0
configure:2503: result: yes
configure:2512: checking whether g++ accepts -g
configure:2542: g++ -c -g  conftest.cpp >&5
configure:2549: $? = 0
configure:2650: result: yes
configure:2721: checking for gcc
configure:2737: found /bin/gcc
configure:2748: result: gcc
configure:2980: checking for C compiler version
configure:2988: gcc --version >&5
gcc (GCC) 4.8.5 20150623 (Red Hat 4.8.5-4)
Copyright (C) 2015 Free Software Foundation, Inc.
This is free software; see the source for copying conditions.  There is NO
warranty; not even for MERCHANTABILITY or FITNESS FOR A PARTICULAR PURPOSE.

configure:2992: $? = 0
configure:2999: gcc -v >&5
Using built-in specs.
COLLECT_GCC=gcc
COLLECT_LTO_WRAPPER=/usr/libexec/gcc/x86_64-redhat-linux/4.8.5/lto-wrapper
Target: x86_64-redhat-linux
Configured with: ../configure --prefix=/usr --mandir=/usr/share/man --infodir=/usr/share/info --with-bugurl=http://bugzilla.redhat.com/bugzilla --enable-bootstrap --enable-shared --enable-threads=posix --enable-checking=release --with-system-zlib --enable-__cxa_atexit --disable-libunwind-exceptions --enable-gnu-unique-object --enable-linker-build-id --with-linker-hash-style=gnu --enable-languages=c,c++,objc,obj-c++,java,fortran,ada,go,lto --enable-plugin --enable-initfini-array --disable-libgcj --with-isl=/builddir/build/BUILD/gcc-4.8.5-20150702/obj-x86_64-redhat-linux/isl-install --with-cloog=/builddir/build/BUILD/gcc-4.8.5-20150702/obj-x86_64-redhat-linux/cloog-install --enable-gnu-indirect-function --with-tune=generic --with-arch_32=x86-64 --build=x86_64-redhat-linux
Thread model: posix
gcc version 4.8.5 20150623 (Red Hat 4.8.5-4) (GCC) 
configure:3003: $? = 0
configure:3010: gcc -V >&5
gcc: error: unrecognized command line option '-V'
gcc: fatal error: no input files
compilation terminated.
configure:3014: $? = 4
configure:3017: checking whether we are using the GNU C compiler
configure:3046: gcc -c   conftest.c >&5
configure:3053: $? = 0
configure:3070: result: yes
configure:3079: checking whether gcc accepts -g
configure:3109: gcc -c -g  conftest.c >&5
configure:3116: $? = 0
configure:3217: result: yes
configure:3234: checking for gcc option to accept ISO C89
configure:3308: gcc  -c -g -O2  conftest.c >&5
configure:3315: $? = 0
configure:3338: result: none needed
configure:3360: checking for gawk
configure:3376: found /bin/gawk
configure:3387: result: gawk
configure:3399: checking for sed command to use
configure:3408: result: sed
configure:3417: checking how to run the C preprocessor
configure:3457: gcc -E  conftest.c
configure:3464: $? = 0
configure:3495: gcc -E  conftest.c
conftest.c:8:28: fatal error: ac_nonexistent.h: No such file or directory
 #include <ac_nonexistent.h>
                            ^
compilation terminated.
configure:3502: $? = 1
configure: failed program was:
| /* confdefs.h.  */
| #define PACKAGE_NAME "Yate"
| #define PACKAGE_TARNAME "yate"
| #define PACKAGE_VERSION "5.5.0"
| #define PACKAGE_STRING "Yate 5.5.0"
| #define PACKAGE_BUGREPORT ""
| /* end confdefs.h.  */
| #include <ac_nonexistent.h>
configure:3535: result: gcc -E
configure:3564: gcc -E  conftest.c
configure:3571: $? = 0
configure:3602: gcc -E  conftest.c
conftest.c:8:28: fatal error: ac_nonexistent.h: No such file or directory
 #include <ac_nonexistent.h>
                            ^
compilation terminated.
configure:3609: $? = 1
configure: failed program was:
| /* confdefs.h.  */
| #define PACKAGE_NAME "Yate"
| #define PACKAGE_TARNAME "yate"
| #define PACKAGE_VERSION "5.5.0"
| #define PACKAGE_STRING "Yate 5.5.0"
| #define PACKAGE_BUGREPORT ""
| /* end confdefs.h.  */
| #include <ac_nonexistent.h>
configure:3649: checking for grep that handles long lines and -e
configure:3709: result: /bin/grep
configure:3714: checking for egrep
configure:3778: result: /bin/grep -E
configure:3783: checking for ANSI C header files
configure:3813: gcc -c -g -O2  conftest.c >&5
configure:3820: $? = 0
configure:3919: gcc -o conftest -g -O2   conftest.c  >&5
configure:3923: $? = 0
configure:3929: ./conftest
configure:3933: $? = 0
configure:3951: result: yes
configure:3975: checking for sys/types.h
configure:3996: gcc -c -g -O2  conftest.c >&5
configure:4003: $? = 0
configure:4020: result: yes
configure:3975: checking for sys/stat.h
configure:3996: gcc -c -g -O2  conftest.c >&5
configure:4003: $? = 0
configure:4020: result: yes
configure:3975: checking for stdlib.h
configure:3996: gcc -c -g -O2  conftest.c >&5
configure:4003: $? = 0
configure:4020: result: yes
configure:3975: checking for string.h
configure:3996: gcc -c -g -O2  conftest.c >&5
configure:4003: $? = 0
configure:4020: result: yes
configure:3975: checking for memory.h
configure:3996: gcc -c -g -O2  conftest.c >&5
configure:4003: $? = 0
configure:4020: result: yes
configure:3975: checking for strings.h
configure:3996: gcc -c -g -O2  conftest.c >&5
configure:4003: $? = 0
configure:4020: result: yes
configure:3975: checking for inttypes.h
configure:3996: gcc -c -g -O2  conftest.c >&5
configure:4003: $? = 0
configure:4020: result: yes
configure:3975: checking for stdint.h
configure:3996: gcc -c -g -O2  conftest.c >&5
configure:4003: $? = 0
configure:4020: result: yes
configure:3975: checking for unistd.h
configure:3996: gcc -c -g -O2  conftest.c >&5
configure:4003: $? = 0
configure:4020: result: yes
configure:4035: checking whether byte ordering is bigendian
configure:4060: gcc -c -g -O2  conftest.c >&5
conftest.c:19:9: error: unknown type name 'not'
         not a universal capable compiler
         ^
conftest.c:19:15: error: expected '=', ',', ';', 'asm' or '__attribute__' before 'universal'
         not a universal capable compiler
               ^
conftest.c:19:15: error: unknown type name 'universal'
configure:4067: $? = 1
configure: failed program was:
| /* confdefs.h.  */
| #define PACKAGE_NAME "Yate"
| #define PACKAGE_TARNAME "yate"
| #define PACKAGE_VERSION "5.5.0"
| #define PACKAGE_STRING "Yate 5.5.0"
| #define PACKAGE_BUGREPORT ""
| #define STDC_HEADERS 1
| #define HAVE_SYS_TYPES_H 1
| #define HAVE_SYS_STAT_H 1
| #define HAVE_STDLIB_H 1
| #define HAVE_STRING_H 1
| #define HAVE_MEMORY_H 1
| #define HAVE_STRINGS_H 1
| #define HAVE_INTTYPES_H 1
| #define HAVE_STDINT_H 1
| #define HAVE_UNISTD_H 1
| /* end confdefs.h.  */
| #ifndef __APPLE_CC__
| 	       not a universal capable compiler
| 	     #endif
| 	     typedef int dummy;
| 
configure:4117: gcc -c -g -O2  conftest.c >&5
configure:4124: $? = 0
configure:4156: gcc -c -g -O2  conftest.c >&5
conftest.c: In function 'main':
conftest.c:25:4: error: unknown type name 'not'
    not big endian
    ^
conftest.c:25:12: error: expected '=', ',', ';', 'asm' or '__attribute__' before 'endian'
    not big endian
            ^
configure:4163: $? = 1
configure: failed program was:
| /* confdefs.h.  */
| #define PACKAGE_NAME "Yate"
| #define PACKAGE_TARNAME "yate"
| #define PACKAGE_VERSION "5.5.0"
| #define PACKAGE_STRING "Yate 5.5.0"
| #define PACKAGE_BUGREPORT ""
| #define STDC_HEADERS 1
| #define HAVE_SYS_TYPES_H 1
| #define HAVE_SYS_STAT_H 1
| #define HAVE_STDLIB_H 1
| #define HAVE_STRING_H 1
| #define HAVE_MEMORY_H 1
| #define HAVE_STRINGS_H 1
| #define HAVE_INTTYPES_H 1
| #define HAVE_STDINT_H 1
| #define HAVE_UNISTD_H 1
| /* end confdefs.h.  */
| #include <sys/types.h>
| 		#include <sys/param.h>
| 
| int
| main ()
| {
| #if BYTE_ORDER != BIG_ENDIAN
| 		 not big endian
| 		#endif
| 
|   ;
|   return 0;
| }
configure:4415: result: no
configure:4440: checking for gcc printf format typechecks
configure:4465: gcc -c -g -O2 -Wall -Werror  conftest.c >&5
configure:4472: $? = 0
configure:4490: result: yes
configure:4495: checking for -Wno-overloaded-virtual flag
configure:4520: gcc -c -Wno-overloaded-virtual -Werror  conftest.c >&5
cc1: warning: command line option '-Wno-overloaded-virtual' is valid for C++/ObjC++ but not for C [enabled by default]
configure:4527: $? = 0
configure:4545: result: yes
configure:4550: checking if ld supports reporting unresolved symbols
configure:4575: gcc -o conftest -g -O2 -Wall -Werror -Wl,--unresolved-symbols=ignore-in-shared-libs   conftest.c  >&5
configure:4582: $? = 0
configure:4602: result: yes
configure:4615: checking if instruction blocks return values
configure:4638: gcc -c -g -O2  conftest.c >&5
configure:4645: $? = 0
configure:4659: result: yes
configure:4678: checking for dirent.h that defines DIR
configure:4707: gcc -c -g -O2  conftest.c >&5
configure:4714: $? = 0
configure:4731: result: yes
configure:4746: checking for library containing opendir
configure:4787: gcc -o conftest -g -O2   conftest.c  >&5
configure:4794: $? = 0
configure:4825: result: none required
configure:4923: checking for ANSI C header files
configure:5091: result: yes
configure:5124: checking fcntl.h usability
configure:5141: gcc -c -g -O2  conftest.c >&5
configure:5148: $? = 0
configure:5162: result: yes
configure:5166: checking fcntl.h presence
configure:5181: gcc -E  conftest.c
configure:5188: $? = 0
configure:5202: result: yes
configure:5230: checking for fcntl.h
configure:5239: result: yes
configure:5124: checking semaphore.h usability
configure:5141: gcc -c -g -O2  conftest.c >&5
configure:5148: $? = 0
configure:5162: result: yes
configure:5166: checking semaphore.h presence
configure:5181: gcc -E  conftest.c
configure:5188: $? = 0
configure:5202: result: yes
configure:5230: checking for semaphore.h
configure:5239: result: yes
configure:5124: checking arpa/inet.h usability
configure:5141: gcc -c -g -O2  conftest.c >&5
configure:5148: $? = 0
configure:5162: result: yes
configure:5166: checking arpa/inet.h presence
configure:5181: gcc -E  conftest.c
configure:5188: $? = 0
configure:5202: result: yes
configure:5230: checking for arpa/inet.h
configure:5239: result: yes
configure:5124: checking netdb.h usability
configure:5141: gcc -c -g -O2  conftest.c >&5
configure:5148: $? = 0
configure:5162: result: yes
configure:5166: checking netdb.h presence
configure:5181: gcc -E  conftest.c
configure:5188: $? = 0
configure:5202: result: yes
configure:5230: checking for netdb.h
configure:5239: result: yes
configure:5124: checking netinet/in.h usability
configure:5141: gcc -c -g -O2  conftest.c >&5
configure:5148: $? = 0
configure:5162: result: yes
configure:5166: checking netinet/in.h presence
configure:5181: gcc -E  conftest.c
configure:5188: $? = 0
configure:5202: result: yes
configure:5230: checking for netinet/in.h
configure:5239: result: yes
configure:5124: checking sys/ioctl.h usability
configure:5141: gcc -c -g -O2  conftest.c >&5
configure:5148: $? = 0
configure:5162: result: yes
configure:5166: checking sys/ioctl.h presence
configure:5181: gcc -E  conftest.c
configure:5188: $? = 0
configure:5202: result: yes
configure:5230: checking for sys/ioctl.h
configure:5239: result: yes
configure:5124: checking sys/socket.h usability
configure:5141: gcc -c -g -O2  conftest.c >&5
configure:5148: $? = 0
configure:5162: result: yes
configure:5166: checking sys/socket.h presence
configure:5181: gcc -E  conftest.c
configure:5188: $? = 0
configure:5202: result: yes
configure:5230: checking for sys/socket.h
configure:5239: result: yes
configure:5124: checking sys/time.h usability
configure:5141: gcc -c -g -O2  conftest.c >&5
configure:5148: $? = 0
configure:5162: result: yes
configure:5166: checking sys/time.h presence
configure:5181: gcc -E  conftest.c
configure:5188: $? = 0
configure:5202: result: yes
configure:5230: checking for sys/time.h
configure:5239: result: yes
configure:5260: checking for an ANSI C-conforming const
configure:5335: gcc -c -g -O2  conftest.c >&5
configure:5342: $? = 0
configure:5357: result: yes
configure:5367: checking for inline
configure:5393: gcc -c -g -O2  conftest.c >&5
configure:5400: $? = 0
configure:5418: result: inline
configure:5437: checking whether time.h and sys/time.h may both be included
configure:5467: gcc -c -g -O2  conftest.c >&5
configure:5474: $? = 0
configure:5489: result: yes
configure:5501: checking return type of signal handlers
configure:5529: gcc -c -g -O2  conftest.c >&5
conftest.c: In function 'main':
conftest.c:35:1: error: void value not ignored as it ought to be
 return *(signal (0, 0)) (0) == 1;
 ^
configure:5536: $? = 1
configure: failed program was:
| /* confdefs.h.  */
| #define PACKAGE_NAME "Yate"
| #define PACKAGE_TARNAME "yate"
| #define PACKAGE_VERSION "5.5.0"
| #define PACKAGE_STRING "Yate 5.5.0"
| #define PACKAGE_BUGREPORT ""
| #define STDC_HEADERS 1
| #define HAVE_SYS_TYPES_H 1
| #define HAVE_SYS_STAT_H 1
| #define HAVE_STDLIB_H 1
| #define HAVE_STRING_H 1
| #define HAVE_MEMORY_H 1
| #define HAVE_STRINGS_H 1
| #define HAVE_INTTYPES_H 1
| #define HAVE_STDINT_H 1
| #define HAVE_UNISTD_H 1
| #define HAVE_DIRENT_H 1
| #define STDC_HEADERS 1
| #define HAVE_FCNTL_H 1
| #define HAVE_SEMAPHORE_H 1
| #define HAVE_ARPA_INET_H 1
| #define HAVE_NETDB_H 1
| #define HAVE_NETINET_IN_H 1
| #define HAVE_SYS_IOCTL_H 1
| #define HAVE_SYS_SOCKET_H 1
| #define HAVE_SYS_TIME_H 1
| #define TIME_WITH_SYS_TIME 1
| /* end confdefs.h.  */
| #include <sys/types.h>
| #include <signal.h>
| 
| int
| main ()
| {
| return *(signal (0, 0)) (0) == 1;
|   ;
|   return 0;
| }
configure:5551: result: void
configure:5567: checking for malloc
configure:5623: gcc -o conftest -g -O2   conftest.c  >&5
conftest.c:53:6: warning: conflicting types for built-in function 'malloc' [enabled by default]
 char malloc ();
      ^
configure:5630: $? = 0
configure:5652: result: yes
configure:5567: checking for gettimeofday
configure:5623: gcc -o conftest -g -O2   conftest.c  >&5
configure:5630: $? = 0
configure:5652: result: yes
configure:5567: checking for inet_ntoa
configure:5623: gcc -o conftest -g -O2   conftest.c  >&5
configure:5630: $? = 0
configure:5652: result: yes
configure:5567: checking for memmove
configure:5623: gcc -o conftest -g -O2   conftest.c  >&5
conftest.c:56:6: warning: conflicting types for built-in function 'memmove' [enabled by default]
 char memmove ();
      ^
configure:5630: $? = 0
configure:5652: result: yes
configure:5567: checking for strerror
configure:5623: gcc -o conftest -g -O2   conftest.c  >&5
configure:5630: $? = 0
configure:5652: result: yes
configure:5674: checking for getcwd
configure:5730: gcc -o conftest -g -O2   conftest.c  >&5
configure:5737: $? = 0
configure:5759: result: yes
configure:5774: checking for prctl
configure:5803: gcc -c -g -O2  conftest.c >&5
configure:5810: $? = 0
configure:5824: result: yes
configure:5832: checking for sockaddr.sa_len presence
configure:5860: gcc -c -g -O2  conftest.c >&5
conftest.c: In function 'main':
conftest.c:44:6: error: 'struct sockaddr' has no member named 'sa_len'
 saddr.sa_len = sizeof(struct sockaddr);
      ^
configure:5867: $? = 1
configure: failed program was:
| /* confdefs.h.  */
| #define PACKAGE_NAME "Yate"
| #define PACKAGE_TARNAME "yate"
| #define PACKAGE_VERSION "5.5.0"
| #define PACKAGE_STRING "Yate 5.5.0"
| #define PACKAGE_BUGREPORT ""
| #define STDC_HEADERS 1
| #define HAVE_SYS_TYPES_H 1
| #define HAVE_SYS_STAT_H 1
| #define HAVE_STDLIB_H 1
| #define HAVE_STRING_H 1
| #define HAVE_MEMORY_H 1
| #define HAVE_STRINGS_H 1
| #define HAVE_INTTYPES_H 1
| #define HAVE_STDINT_H 1
| #define HAVE_UNISTD_H 1
| #define HAVE_DIRENT_H 1
| #define STDC_HEADERS 1
| #define HAVE_FCNTL_H 1
| #define HAVE_SEMAPHORE_H 1
| #define HAVE_ARPA_INET_H 1
| #define HAVE_NETDB_H 1
| #define HAVE_NETINET_IN_H 1
| #define HAVE_SYS_IOCTL_H 1
| #define HAVE_SYS_SOCKET_H 1
| #define HAVE_SYS_TIME_H 1
| #define TIME_WITH_SYS_TIME 1
| #define RETSIGTYPE void
| #define HAVE_MALLOC 1
| #define HAVE_GETTIMEOFDAY 1
| #define HAVE_INET_NTOA 1
| #define HAVE_MEMMOVE 1
| #define HAVE_STRERROR 1
| #define HAVE_GETCWD 1
| /* end confdefs.h.  */
| 
| #include <sys/socket.h>
| 
| int
| main ()
| {
| 
| struct sockaddr saddr;
| saddr.sa_len = sizeof(struct sockaddr);
| 
|   ;
|   return 0;
| }
configure:5886: result: no
configure:5890: checking for tm.tm_gmtoff presence
configure:5919: gcc -c -g -O2  conftest.c >&5
configure:5926: $? = 0
configure:5940: result: yes
configure:5948: checking for integer timezone variable
configure:5976: gcc -c -g -O2  conftest.c >&5
configure:5983: $? = 0
configure:5997: result: yes
configure:6013: checking for poll
configure:6040: gcc -c -g -O2  conftest.c >&5
configure:6047: $? = 0
configure:6061: result: yes
configure:6144: checking for pthread_mutexattr_settype in -lpthread
configure:6179: gcc -o conftest -g -O2   conftest.c -lpthread   >&5
configure:6186: $? = 0
configure:6207: result: yes
configure:6296: checking for dlopen in default libs
configure:6326: gcc -o conftest -g -O2   conftest.c  >&5
/tmp/cce8s9ds.o: In function `main':
/home/pascale/Downloads/mvno-network/yate/conftest.c:40: undefined reference to `dlopen'
collect2: error: ld returned 1 exit status
configure:6333: $? = 1
configure: failed program was:
| /* confdefs.h.  */
| #define PACKAGE_NAME "Yate"
| #define PACKAGE_TARNAME "yate"
| #define PACKAGE_VERSION "5.5.0"
| #define PACKAGE_STRING "Yate 5.5.0"
| #define PACKAGE_BUGREPORT ""
| #define STDC_HEADERS 1
| #define HAVE_SYS_TYPES_H 1
| #define HAVE_SYS_STAT_H 1
| #define HAVE_STDLIB_H 1
| #define HAVE_STRING_H 1
| #define HAVE_MEMORY_H 1
| #define HAVE_STRINGS_H 1
| #define HAVE_INTTYPES_H 1
| #define HAVE_STDINT_H 1
| #define HAVE_UNISTD_H 1
| #define HAVE_DIRENT_H 1
| #define STDC_HEADERS 1
| #define HAVE_FCNTL_H 1
| #define HAVE_SEMAPHORE_H 1
| #define HAVE_ARPA_INET_H 1
| #define HAVE_NETDB_H 1
| #define HAVE_NETINET_IN_H 1
| #define HAVE_SYS_IOCTL_H 1
| #define HAVE_SYS_SOCKET_H 1
| #define HAVE_SYS_TIME_H 1
| #define TIME_WITH_SYS_TIME 1
| #define RETSIGTYPE void
| #define HAVE_MALLOC 1
| #define HAVE_GETTIMEOFDAY 1
| #define HAVE_INET_NTOA 1
| #define HAVE_MEMMOVE 1
| #define HAVE_STRERROR 1
| #define HAVE_GETCWD 1
| /* end confdefs.h.  */
| #include <dlfcn.h>
| int
| main ()
| {
| dlopen("",0);
|   ;
|   return 0;
| }
configure:6358: result: no
configure:6362: checking for dlopen in -ldl
configure:6397: gcc -o conftest -g -O2   conftest.c -ldl   >&5
configure:6404: $? = 0
configure:6425: result: yes
configure:6459: checking for pthread_mutexattr_settype declaration
configure:6488: gcc -c -g -O2 -Wall -Werror  conftest.c >&5
configure:6495: $? = 0
configure:6513: result: yes
configure:6516: checking for pthread_mutex_timedlock
configure:6547: gcc -o conftest -g -O2 -Wall -Werror   conftest.c  -lpthread >&5
configure:6554: $? = 0
configure:6577: result: yes
configure:6580: checking for sem_timedwait
configure:6610: gcc -o conftest -g -O2 -Wall -Werror   conftest.c  -lpthread >&5
configure:6617: $? = 0
configure:6640: result: yes
configure:6654: checking for inet_ntop
configure:6710: gcc -o conftest -g -O2   conftest.c  >&5
configure:6717: $? = 0
configure:6737: result: yes
configure:6743: checking for inet_pton
configure:6799: gcc -o conftest -g -O2   conftest.c  >&5
configure:6806: $? = 0
configure:6826: result: yes
configure:6832: checking for gethostbyname_r
configure:6888: gcc -o conftest -g -O2   conftest.c  >&5
configure:6895: $? = 0
configure:6915: result: yes
configure:6921: checking for gethostbyname2_r
configure:6977: gcc -o conftest -g -O2   conftest.c  >&5
configure:6984: $? = 0
configure:7004: result: yes
configure:7010: checking for gethostbyname2
configure:7066: gcc -o conftest -g -O2   conftest.c  >&5
configure:7073: $? = 0
configure:7093: result: yes
configure:7102: checking for pthread_kill_other_threads_np declaration
configure:7139: gcc -c -g -O2 -Wall -Werror  conftest.c >&5
conftest.c: In function 'main':
conftest.c:45:1: error: implicit declaration of function 'pthread_kill_other_threads_np' [-Werror=implicit-function-declaration]
 pthread_kill_other_threads_np();
 ^
cc1: all warnings being treated as errors
configure:7146: $? = 1
configure: failed program was:
| /* confdefs.h.  */
| #define PACKAGE_NAME "Yate"
| #define PACKAGE_TARNAME "yate"
| #define PACKAGE_VERSION "5.5.0"
| #define PACKAGE_STRING "Yate 5.5.0"
| #define PACKAGE_BUGREPORT ""
| #define STDC_HEADERS 1
| #define HAVE_SYS_TYPES_H 1
| #define HAVE_SYS_STAT_H 1
| #define HAVE_STDLIB_H 1
| #define HAVE_STRING_H 1
| #define HAVE_MEMORY_H 1
| #define HAVE_STRINGS_H 1
| #define HAVE_INTTYPES_H 1
| #define HAVE_STDINT_H 1
| #define HAVE_UNISTD_H 1
| #define HAVE_DIRENT_H 1
| #define STDC_HEADERS 1
| #define HAVE_FCNTL_H 1
| #define HAVE_SEMAPHORE_H 1
| #define HAVE_ARPA_INET_H 1
| #define HAVE_NETDB_H 1
| #define HAVE_NETINET_IN_H 1
| #define HAVE_SYS_IOCTL_H 1
| #define HAVE_SYS_SOCKET_H 1
| #define HAVE_SYS_TIME_H 1
| #define TIME_WITH_SYS_TIME 1
| #define RETSIGTYPE void
| #define HAVE_MALLOC 1
| #define HAVE_GETTIMEOFDAY 1
| #define HAVE_INET_NTOA 1
| #define HAVE_MEMMOVE 1
| #define HAVE_STRERROR 1
| #define HAVE_GETCWD 1
| #define HAVE_LIBDL 1
| /* end confdefs.h.  */
| 
| #include <unistd.h>
| #include <pthread.h>
| 
| int
| main ()
| {
| 
| pthread_kill_other_threads_np();
| 
|   ;
|   return 0;
| }
configure:7171: result: no
configure:7184: checking whether to use inline functions
configure:7201: result: auto
configure:7215: checking whether to use atomic integer operations
configure:7251: gcc -o conftest -g -O2 -Wall -Werror   conftest.c  >&5
configure:7258: $? = 0
configure:7285: result: yes
configure:7300: checking whether to use sse2 operations
configure:7376: result: no
configure:7425: gcc -c -g -O2  conftest.c >&5
configure:7432: $? = 0
configure:7824: checking for resolver library
configure:7859: gcc -o conftest -g -O2 -Wall -Werror -Wl,--unresolved-symbols=ignore-in-shared-libs   conftest.c  >&5
configure:7866: $? = 0
configure:7962: gcc -o conftest -g -O2 -Wall -Werror -Wl,--unresolved-symbols=ignore-in-shared-libs   conftest.c  >&5
/tmp/cc15O6iY.o: In function `main':
/home/pascale/Downloads/mvno-network/yate/conftest.c:43: undefined reference to `__res_query'
collect2: error: ld returned 1 exit status
configure:7969: $? = 1
configure: failed program was:
| /* confdefs.h.  */
| #define PACKAGE_NAME "Yate"
| #define PACKAGE_TARNAME "yate"
| #define PACKAGE_VERSION "5.5.0"
| #define PACKAGE_STRING "Yate 5.5.0"
| #define PACKAGE_BUGREPORT ""
| #define STDC_HEADERS 1
| #define HAVE_SYS_TYPES_H 1
| #define HAVE_SYS_STAT_H 1
| #define HAVE_STDLIB_H 1
| #define HAVE_STRING_H 1
| #define HAVE_MEMORY_H 1
| #define HAVE_STRINGS_H 1
| #define HAVE_INTTYPES_H 1
| #define HAVE_STDINT_H 1
| #define HAVE_UNISTD_H 1
| #define HAVE_DIRENT_H 1
| #define STDC_HEADERS 1
| #define HAVE_FCNTL_H 1
| #define HAVE_SEMAPHORE_H 1
| #define HAVE_ARPA_INET_H 1
| #define HAVE_NETDB_H 1
| #define HAVE_NETINET_IN_H 1
| #define HAVE_SYS_IOCTL_H 1
| #define HAVE_SYS_SOCKET_H 1
| #define HAVE_SYS_TIME_H 1
| #define TIME_WITH_SYS_TIME 1
| #define RETSIGTYPE void
| #define HAVE_MALLOC 1
| #define HAVE_GETTIMEOFDAY 1
| #define HAVE_INET_NTOA 1
| #define HAVE_MEMMOVE 1
| #define HAVE_STRERROR 1
| #define HAVE_GETCWD 1
| #define HAVE_LIBDL 1
| /* end confdefs.h.  */
| #include <netinet/in.h>
| #include <arpa/nameser.h>
| #include <resolv.h>
| int
| main ()
| {
| unsigned char x[2]; res_query("",0,0,x,0);
|   ;
|   return 0;
| }
configure:7996: result: yes -lresolv
configure:8001: checking for dn_skipname
configure:8037: gcc -o conftest -g -O2 -Wall -Werror -Wl,--unresolved-symbols=ignore-in-shared-libs   conftest.c  -lresolv >&5
configure:8044: $? = 0
configure:8071: result: yes
configure:8087: checking whether to use the internal regexp library
configure:8106: result: no
configure:8113: checking for regcomp
configure:8169: gcc -o conftest -g -O2   conftest.c  >&5
configure:8176: $? = 0
configure:8198: result: yes
configure:8293: checking for Postgress SQL in /usr
configure:8375: result: yes
configure:8396: checking for MySQL using mysql_config
configure:8428: result: no 
configure:8734: checking for SQLite using pkg-config
configure:8753: result: no
configure:8771: checking for Dahdi generic headers
configure:8796: gcc -c -g -O2  conftest.c >&5
conftest.c:39:24: fatal error: dahdi/user.h: No such file or directory
 #include <dahdi/user.h>
                        ^
compilation terminated.
configure:8803: $? = 1
configure: failed program was:
| /* confdefs.h.  */
| #define PACKAGE_NAME "Yate"
| #define PACKAGE_TARNAME "yate"
| #define PACKAGE_VERSION "5.5.0"
| #define PACKAGE_STRING "Yate 5.5.0"
| #define PACKAGE_BUGREPORT ""
| #define STDC_HEADERS 1
| #define HAVE_SYS_TYPES_H 1
| #define HAVE_SYS_STAT_H 1
| #define HAVE_STDLIB_H 1
| #define HAVE_STRING_H 1
| #define HAVE_MEMORY_H 1
| #define HAVE_STRINGS_H 1
| #define HAVE_INTTYPES_H 1
| #define HAVE_STDINT_H 1
| #define HAVE_UNISTD_H 1
| #define HAVE_DIRENT_H 1
| #define STDC_HEADERS 1
| #define HAVE_FCNTL_H 1
| #define HAVE_SEMAPHORE_H 1
| #define HAVE_ARPA_INET_H 1
| #define HAVE_NETDB_H 1
| #define HAVE_NETINET_IN_H 1
| #define HAVE_SYS_IOCTL_H 1
| #define HAVE_SYS_SOCKET_H 1
| #define HAVE_SYS_TIME_H 1
| #define TIME_WITH_SYS_TIME 1
| #define RETSIGTYPE void
| #define HAVE_MALLOC 1
| #define HAVE_GETTIMEOFDAY 1
| #define HAVE_INET_NTOA 1
| #define HAVE_MEMMOVE 1
| #define HAVE_STRERROR 1
| #define HAVE_GETCWD 1
| #define HAVE_LIBDL 1
| #define HAVE_REGCOMP 1
| /* end confdefs.h.  */
| 
| #include <dahdi/user.h>
| 
| int
| main ()
| {
| 
|   ;
|   return 0;
| }
configure:8818: result: no
configure:8829: checking for Zaptel generic headers
configure:8855: gcc -c -g -O2  conftest.c >&5
conftest.c:39:27: fatal error: zaptel/zaptel.h: No such file or directory
 #include <zaptel/zaptel.h>
                           ^
compilation terminated.
configure:8862: $? = 1
configure: failed program was:
| /* confdefs.h.  */
| #define PACKAGE_NAME "Yate"
| #define PACKAGE_TARNAME "yate"
| #define PACKAGE_VERSION "5.5.0"
| #define PACKAGE_STRING "Yate 5.5.0"
| #define PACKAGE_BUGREPORT ""
| #define STDC_HEADERS 1
| #define HAVE_SYS_TYPES_H 1
| #define HAVE_SYS_STAT_H 1
| #define HAVE_STDLIB_H 1
| #define HAVE_STRING_H 1
| #define HAVE_MEMORY_H 1
| #define HAVE_STRINGS_H 1
| #define HAVE_INTTYPES_H 1
| #define HAVE_STDINT_H 1
| #define HAVE_UNISTD_H 1
| #define HAVE_DIRENT_H 1
| #define STDC_HEADERS 1
| #define HAVE_FCNTL_H 1
| #define HAVE_SEMAPHORE_H 1
| #define HAVE_ARPA_INET_H 1
| #define HAVE_NETDB_H 1
| #define HAVE_NETINET_IN_H 1
| #define HAVE_SYS_IOCTL_H 1
| #define HAVE_SYS_SOCKET_H 1
| #define HAVE_SYS_TIME_H 1
| #define TIME_WITH_SYS_TIME 1
| #define RETSIGTYPE void
| #define HAVE_MALLOC 1
| #define HAVE_GETTIMEOFDAY 1
| #define HAVE_INET_NTOA 1
| #define HAVE_MEMMOVE 1
| #define HAVE_STRERROR 1
| #define HAVE_GETCWD 1
| #define HAVE_LIBDL 1
| #define HAVE_REGCOMP 1
| /* end confdefs.h.  */
| 
| #include <zaptel/zaptel.h>
| #include <sys/ioctl.h>
| 
| int
| main ()
| {
| ioctl(0,ZT_GETVERSION,(void*)0)
|   ;
|   return 0;
| }
configure:8878: result: no
configure:8881: checking for Zaptel linux headers
configure:8907: gcc -c -g -O2  conftest.c >&5
conftest.c:39:26: fatal error: linux/zaptel.h: No such file or directory
 #include <linux/zaptel.h>
                          ^
compilation terminated.
configure:8914: $? = 1
configure: failed program was:
| /* confdefs.h.  */
| #define PACKAGE_NAME "Yate"
| #define PACKAGE_TARNAME "yate"
| #define PACKAGE_VERSION "5.5.0"
| #define PACKAGE_STRING "Yate 5.5.0"
| #define PACKAGE_BUGREPORT ""
| #define STDC_HEADERS 1
| #define HAVE_SYS_TYPES_H 1
| #define HAVE_SYS_STAT_H 1
| #define HAVE_STDLIB_H 1
| #define HAVE_STRING_H 1
| #define HAVE_MEMORY_H 1
| #define HAVE_STRINGS_H 1
| #define HAVE_INTTYPES_H 1
| #define HAVE_STDINT_H 1
| #define HAVE_UNISTD_H 1
| #define HAVE_DIRENT_H 1
| #define STDC_HEADERS 1
| #define HAVE_FCNTL_H 1
| #define HAVE_SEMAPHORE_H 1
| #define HAVE_ARPA_INET_H 1
| #define HAVE_NETDB_H 1
| #define HAVE_NETINET_IN_H 1
| #define HAVE_SYS_IOCTL_H 1
| #define HAVE_SYS_SOCKET_H 1
| #define HAVE_SYS_TIME_H 1
| #define TIME_WITH_SYS_TIME 1
| #define RETSIGTYPE void
| #define HAVE_MALLOC 1
| #define HAVE_GETTIMEOFDAY 1
| #define HAVE_INET_NTOA 1
| #define HAVE_MEMMOVE 1
| #define HAVE_STRERROR 1
| #define HAVE_GETCWD 1
| #define HAVE_LIBDL 1
| #define HAVE_REGCOMP 1
| /* end confdefs.h.  */
| 
| #include <linux/zaptel.h>
| #include <sys/ioctl.h>
| 
| int
| main ()
| {
| ioctl(0,ZT_GETVERSION,(void*)0)
|   ;
|   return 0;
| }
configure:8930: result: no
configure:8966: checking for Wanpipe new generic headers
configure:9002: gcc -c -g -O2 -I/usr/include/wanpipe  conftest.c >&5
conftest.c:44:24: fatal error: if_wanpipe.h: No such file or directory
 #include <if_wanpipe.h>
                        ^
compilation terminated.
configure:9009: $? = 1
configure: failed program was:
| /* confdefs.h.  */
| #define PACKAGE_NAME "Yate"
| #define PACKAGE_TARNAME "yate"
| #define PACKAGE_VERSION "5.5.0"
| #define PACKAGE_STRING "Yate 5.5.0"
| #define PACKAGE_BUGREPORT ""
| #define STDC_HEADERS 1
| #define HAVE_SYS_TYPES_H 1
| #define HAVE_SYS_STAT_H 1
| #define HAVE_STDLIB_H 1
| #define HAVE_STRING_H 1
| #define HAVE_MEMORY_H 1
| #define HAVE_STRINGS_H 1
| #define HAVE_INTTYPES_H 1
| #define HAVE_STDINT_H 1
| #define HAVE_UNISTD_H 1
| #define HAVE_DIRENT_H 1
| #define STDC_HEADERS 1
| #define HAVE_FCNTL_H 1
| #define HAVE_SEMAPHORE_H 1
| #define HAVE_ARPA_INET_H 1
| #define HAVE_NETDB_H 1
| #define HAVE_NETINET_IN_H 1
| #define HAVE_SYS_IOCTL_H 1
| #define HAVE_SYS_SOCKET_H 1
| #define HAVE_SYS_TIME_H 1
| #define TIME_WITH_SYS_TIME 1
| #define RETSIGTYPE void
| #define HAVE_MALLOC 1
| #define HAVE_GETTIMEOFDAY 1
| #define HAVE_INET_NTOA 1
| #define HAVE_MEMMOVE 1
| #define HAVE_STRERROR 1
| #define HAVE_GETCWD 1
| #define HAVE_LIBDL 1
| #define HAVE_REGCOMP 1
| /* end confdefs.h.  */
| 
| #define __LINUX__
| #include <sys/types.h>
| #include <sys/ioctl.h>
| #include <sys/socket.h>
| #include <netinet/in.h>
| #include <if_wanpipe.h>
| #include <wanpipe_defines.h>
| #include <wanpipe_cfg.h>
| #include <wanpipe.h>
| #include <aft_core.h>
| 
| int
| main ()
| {
| 
|   ;
|   return 0;
| }
configure:9025: result: no
configure:9030: checking for Wanpipe old generic headers
configure:9066: gcc -c -g -O2 -I/usr/include/wanpipe  conftest.c >&5
conftest.c:44:24: fatal error: if_wanpipe.h: No such file or directory
 #include <if_wanpipe.h>
                        ^
compilation terminated.
configure:9073: $? = 1
configure: failed program was:
| /* confdefs.h.  */
| #define PACKAGE_NAME "Yate"
| #define PACKAGE_TARNAME "yate"
| #define PACKAGE_VERSION "5.5.0"
| #define PACKAGE_STRING "Yate 5.5.0"
| #define PACKAGE_BUGREPORT ""
| #define STDC_HEADERS 1
| #define HAVE_SYS_TYPES_H 1
| #define HAVE_SYS_STAT_H 1
| #define HAVE_STDLIB_H 1
| #define HAVE_STRING_H 1
| #define HAVE_MEMORY_H 1
| #define HAVE_STRINGS_H 1
| #define HAVE_INTTYPES_H 1
| #define HAVE_STDINT_H 1
| #define HAVE_UNISTD_H 1
| #define HAVE_DIRENT_H 1
| #define STDC_HEADERS 1
| #define HAVE_FCNTL_H 1
| #define HAVE_SEMAPHORE_H 1
| #define HAVE_ARPA_INET_H 1
| #define HAVE_NETDB_H 1
| #define HAVE_NETINET_IN_H 1
| #define HAVE_SYS_IOCTL_H 1
| #define HAVE_SYS_SOCKET_H 1
| #define HAVE_SYS_TIME_H 1
| #define TIME_WITH_SYS_TIME 1
| #define RETSIGTYPE void
| #define HAVE_MALLOC 1
| #define HAVE_GETTIMEOFDAY 1
| #define HAVE_INET_NTOA 1
| #define HAVE_MEMMOVE 1
| #define HAVE_STRERROR 1
| #define HAVE_GETCWD 1
| #define HAVE_LIBDL 1
| #define HAVE_REGCOMP 1
| /* end confdefs.h.  */
| 
| #define __LINUX__
| #include <sys/types.h>
| #include <sys/ioctl.h>
| #include <sys/socket.h>
| #include <netinet/in.h>
| #include <if_wanpipe.h>
| #include <wanpipe_defines.h>
| #include <wanpipe_cfg.h>
| #include <wanpipe.h>
| #include <sdla_aft_te1.h>
| 
| int
| main ()
| {
| 
|   ;
|   return 0;
| }
configure:9089: result: no
configure:9095: checking for Wanpipe linux headers
configure:9130: gcc -c -g -O2  conftest.c >&5
conftest.c:44:30: fatal error: linux/if_wanpipe.h: No such file or directory
 #include <linux/if_wanpipe.h>
                              ^
compilation terminated.
configure:9137: $? = 1
configure: failed program was:
| /* confdefs.h.  */
| #define PACKAGE_NAME "Yate"
| #define PACKAGE_TARNAME "yate"
| #define PACKAGE_VERSION "5.5.0"
| #define PACKAGE_STRING "Yate 5.5.0"
| #define PACKAGE_BUGREPORT ""
| #define STDC_HEADERS 1
| #define HAVE_SYS_TYPES_H 1
| #define HAVE_SYS_STAT_H 1
| #define HAVE_STDLIB_H 1
| #define HAVE_STRING_H 1
| #define HAVE_MEMORY_H 1
| #define HAVE_STRINGS_H 1
| #define HAVE_INTTYPES_H 1
| #define HAVE_STDINT_H 1
| #define HAVE_UNISTD_H 1
| #define HAVE_DIRENT_H 1
| #define STDC_HEADERS 1
| #define HAVE_FCNTL_H 1
| #define HAVE_SEMAPHORE_H 1
| #define HAVE_ARPA_INET_H 1
| #define HAVE_NETDB_H 1
| #define HAVE_NETINET_IN_H 1
| #define HAVE_SYS_IOCTL_H 1
| #define HAVE_SYS_SOCKET_H 1
| #define HAVE_SYS_TIME_H 1
| #define TIME_WITH_SYS_TIME 1
| #define RETSIGTYPE void
| #define HAVE_MALLOC 1
| #define HAVE_GETTIMEOFDAY 1
| #define HAVE_INET_NTOA 1
| #define HAVE_MEMMOVE 1
| #define HAVE_STRERROR 1
| #define HAVE_GETCWD 1
| #define HAVE_LIBDL 1
| #define HAVE_REGCOMP 1
| /* end confdefs.h.  */
| 
| #define __LINUX__
| #include <sys/types.h>
| #include <sys/ioctl.h>
| #include <sys/socket.h>
| #include <netinet/in.h>
| #include <linux/if_wanpipe.h>
| #include <linux/if.h>
| #include <linux/wanpipe_defines.h>
| #include <linux/wanpipe_cfg.h>
| #include <linux/wanpipe.h>
| #include <linux/sdla_aft_te1.h>
| 
| int
| main ()
| {
| 
|   ;
|   return 0;
| }
configure:9152: result: no
configure:9247: checking for sound card headers
configure:9283: gcc -c -g -O2  conftest.c >&5
configure:9290: $? = 0
configure:9305: result: yes
configure:9310: checking for ALSA headers
configure:9344: gcc -c -g -O2  conftest.c >&5
conftest.c:48:28: fatal error: alsa/asoundlib.h: No such file or directory
 #include <alsa/asoundlib.h>
                            ^
compilation terminated.
configure:9351: $? = 1
configure: failed program was:
| /* confdefs.h.  */
| #define PACKAGE_NAME "Yate"
| #define PACKAGE_TARNAME "yate"
| #define PACKAGE_VERSION "5.5.0"
| #define PACKAGE_STRING "Yate 5.5.0"
| #define PACKAGE_BUGREPORT ""
| #define STDC_HEADERS 1
| #define HAVE_SYS_TYPES_H 1
| #define HAVE_SYS_STAT_H 1
| #define HAVE_STDLIB_H 1
| #define HAVE_STRING_H 1
| #define HAVE_MEMORY_H 1
| #define HAVE_STRINGS_H 1
| #define HAVE_INTTYPES_H 1
| #define HAVE_STDINT_H 1
| #define HAVE_UNISTD_H 1
| #define HAVE_DIRENT_H 1
| #define STDC_HEADERS 1
| #define HAVE_FCNTL_H 1
| #define HAVE_SEMAPHORE_H 1
| #define HAVE_ARPA_INET_H 1
| #define HAVE_NETDB_H 1
| #define HAVE_NETINET_IN_H 1
| #define HAVE_SYS_IOCTL_H 1
| #define HAVE_SYS_SOCKET_H 1
| #define HAVE_SYS_TIME_H 1
| #define TIME_WITH_SYS_TIME 1
| #define RETSIGTYPE void
| #define HAVE_MALLOC 1
| #define HAVE_GETTIMEOFDAY 1
| #define HAVE_INET_NTOA 1
| #define HAVE_MEMMOVE 1
| #define HAVE_STRERROR 1
| #define HAVE_GETCWD 1
| #define HAVE_LIBDL 1
| #define HAVE_REGCOMP 1
| /* end confdefs.h.  */
| 
| #if defined(__linux__)
| #include <linux/soundcard.h>
| #elif defined (__FreeBSD__)
| #include <sys/soundcard.h>
| #else
| #include <soundcard.h>
| #endif
| 
| #define ALSA_PCM_NEW_HW_PARAMS_API
| #include <alsa/asoundlib.h>
| 
| int
| main ()
| {
| 
|   ;
|   return 0;
| }
configure:9366: result: no
configure:9465: checking for gsm.h in /usr/local/include/gsm
configure:9471: result: no
configure:9489: checking for iLBC reference in libs
configure:9498: result: yes
configure:9514: checking for iLBC miniwebrtc in libs
configure:9523: result: yes
configure:9539: checking for iSAC float in libs
configure:9548: result: yes
configure:9603: checking for speex.h in /usr/local/include/speex
configure:9661: result: no
configure:9685: checking for AMR-NB in /usr
configure:9695: result: no
configure:9725: checking for usable spandsp in /usr/local/include
configure:9952: result: no
configure:9978: checking for Pwlib in /usr/local
configure:10050: result: no  RTTI: none
configure:10129: checking for OpenSSL using pkg-config
configure:10147: result: no
configure:10185: checking for zlib in /usr
configure:10247: result: no
configure:10285: checking for Qt4 >= 4.3.0 using pkg-config
configure:10314: result: no
configure:10318: checking for Qt4 >= 4.3.0 using qmake
configure:10359: result: no
configure:10383: checking for mallinfo in malloc.h
configure:10411: gcc -c -g -O2  conftest.c >&5
configure:10418: $? = 0
configure:10433: result: yes
configure:10458: checking for coredumper.h in /usr/local
configure:10465: result: no
configure:10481: checking whether to enable RTTI support
configure:10504: result: none
configure:10532: checking if shared libraries should be executable
configure:10540: result: yes
configure:10592: checking for doxygen version
configure:10600: result: no
configure:10617: checking for kdoc version
configure:10625: result: no
configure:10780: creating ./config.status

## ---------------------- ##
## Running config.status. ##
## ---------------------- ##

This file was extended by Yate config.status 5.5.0, which was
generated by GNU Autoconf 2.63.  Invocation command line was

  CONFIG_FILES    = 
  CONFIG_HEADERS  = 
  CONFIG_LINKS    = 
  CONFIG_COMMANDS = 
  $ ./config.status 

on PASCALEDEV8

config.status:798: creating packing/rpm/yate.spec
config.status:798: creating packing/portage/yate.ebuild
config.status:798: creating yate.pc
config.status:798: creating yateversn.h
config.status:798: creating yateiss.inc
config.status:798: creating Makefile
config.status:798: creating engine/Makefile
config.status:798: creating modules/Makefile
config.status:798: creating modules/test/Makefile
config.status:798: creating clients/Makefile
config.status:798: creating clients/qt4/Makefile
config.status:798: creating libs/ilbc/Makefile
config.status:798: creating libs/ysip/Makefile
config.status:798: creating libs/yrtp/Makefile
config.status:798: creating libs/ysdp/Makefile
config.status:798: creating libs/yiax/Makefile
config.status:798: creating libs/yjabber/Makefile
config.status:798: creating libs/yscript/Makefile
config.status:798: creating libs/ymgcp/Makefile
config.status:798: creating libs/ysig/Makefile
config.status:798: creating libs/ypbx/Makefile
config.status:798: creating libs/ymodem/Makefile
config.status:798: creating libs/yasn/Makefile
config.status:798: creating libs/ysnmp/Makefile
config.status:798: creating libs/miniwebrtc/Makefile
config.status:798: creating libs/yradio/Makefile
config.status:798: creating share/Makefile
config.status:798: creating share/scripts/Makefile
config.status:798: creating share/skins/Makefile
config.status:798: creating share/sounds/Makefile
config.status:798: creating share/help/Makefile
config.status:798: creating share/data/Makefile
config.status:798: creating conf.d/Makefile
config.status:798: creating yate-config
config.status:798: creating run

## ---------------- ##
## Cache variables. ##
## ---------------- ##

ac_cv_c_bigendian=no
ac_cv_c_compiler_gnu=yes
ac_cv_c_const=yes
ac_cv_c_inline=inline
ac_cv_cxx_compiler_gnu=yes
ac_cv_env_CCC_set=
ac_cv_env_CCC_value=
ac_cv_env_CC_set=
ac_cv_env_CC_value=
ac_cv_env_CFLAGS_set=
ac_cv_env_CFLAGS_value=
ac_cv_env_CPPFLAGS_set=
ac_cv_env_CPPFLAGS_value=
ac_cv_env_CPP_set=
ac_cv_env_CPP_value=
ac_cv_env_CXXFLAGS_set=
ac_cv_env_CXXFLAGS_value=
ac_cv_env_CXX_set=
ac_cv_env_CXX_value=
ac_cv_env_LDFLAGS_set=
ac_cv_env_LDFLAGS_value=
ac_cv_env_LIBS_set=
ac_cv_env_LIBS_value=
ac_cv_env_build_alias_set=
ac_cv_env_build_alias_value=
ac_cv_env_host_alias_set=
ac_cv_env_host_alias_value=
ac_cv_env_target_alias_set=
ac_cv_env_target_alias_value=
ac_cv_format_checks=yes
ac_cv_func_getcwd=yes
ac_cv_func_gethostbyname2=yes
ac_cv_func_gethostbyname2_r=yes
ac_cv_func_gethostbyname_r=yes
ac_cv_func_gettimeofday=yes
ac_cv_func_inet_ntoa=yes
ac_cv_func_inet_ntop=yes
ac_cv_func_inet_pton=yes
ac_cv_func_malloc=yes
ac_cv_func_memmove=yes
ac_cv_func_regcomp=yes
ac_cv_func_strerror=yes
ac_cv_header_arpa_inet_h=yes
ac_cv_header_dirent_dirent_h=yes
ac_cv_header_fcntl_h=yes
ac_cv_header_inttypes_h=yes
ac_cv_header_memory_h=yes
ac_cv_header_netdb_h=yes
ac_cv_header_netinet_in_h=yes
ac_cv_header_semaphore_h=yes
ac_cv_header_stdc=yes
ac_cv_header_stdint_h=yes
ac_cv_header_stdlib_h=yes
ac_cv_header_string_h=yes
ac_cv_header_strings_h=yes
ac_cv_header_sys_ioctl_h=yes
ac_cv_header_sys_socket_h=yes
ac_cv_header_sys_stat_h=yes
ac_cv_header_sys_time_h=yes
ac_cv_header_sys_types_h=yes
ac_cv_header_time=yes
ac_cv_header_unistd_h=yes
ac_cv_lib_dl_dlopen=yes
ac_cv_lib_pthread_pthread_mutexattr_settype=yes
ac_cv_no_overload_virt=yes
ac_cv_objext=o
ac_cv_path_EGREP='/bin/grep -E'
ac_cv_path_GREP=/bin/grep
ac_cv_prog_AWK=gawk
ac_cv_prog_CPP='gcc -E'
ac_cv_prog_ac_ct_CC=gcc
ac_cv_prog_ac_ct_CXX=g++
ac_cv_prog_cc_c89=
ac_cv_prog_cc_g=yes
ac_cv_prog_cxx_g=yes
ac_cv_search_opendir='none required'
ac_cv_type_signal=void
ac_cv_use_amrnb=/usr
ac_cv_use_coredumper=/usr/local
ac_cv_use_doxygen=no
ac_cv_use_fdsize=8192
ac_cv_use_kdoc=no
ac_cv_use_libgsm=/usr/local/include/gsm
ac_cv_use_libpq=/usr
ac_cv_use_libqt4=yes
ac_cv_use_libspeex=/usr/local/include
ac_cv_use_mallinfo=yes
ac_cv_use_mysql=yes
ac_cv_use_openh323=/usr
ac_cv_use_openssl=yes
ac_cv_use_pwlib=/usr/local
ac_cv_use_qtstatic=no
ac_cv_use_spandsp=/usr/local/include
ac_cv_use_sqlite=yes
ac_cv_use_wphwec=/usr/include/wanpipe
ac_cv_use_zlib=/usr

## ----------------- ##
## Output variables. ##
## ----------------- ##

AMRNB_INC=''
AMRNB_LIB='-lamrnb'
ARCHLIB='lib64'
ATOMIC_OPS='-DATOMIC_OPS'
AWK='gawk'
BUILD_TDMCARD='yes'
BUILD_WPCARD='yes'
CC='gcc'
CFLAGS=' -O2'
CONFIGURE_FILES=' yate.pc yateversn.h yateiss.inc Makefile engine/Makefile modules/Makefile modules/test/Makefile clients/Makefile clients/qt4/Makefile libs/ilbc/Makefile libs/ysip/Makefile libs/yrtp/Makefile libs/ysdp/Makefile libs/yiax/Makefile libs/yjabber/Makefile libs/yscript/Makefile libs/ymgcp/Makefile libs/ysig/Makefile libs/ypbx/Makefile libs/ymodem/Makefile libs/yasn/Makefile libs/ysnmp/Makefile libs/miniwebrtc/Makefile libs/yradio/Makefile share/Makefile share/scripts/Makefile share/skins/Makefile share/sounds/Makefile share/help/Makefile share/data/Makefile conf.d/Makefile yate-config run config.status config.log'
COREDUMPER_INC=''
COREDUMPER_LIB=''
CPP='gcc -E'
CPPFLAGS=''
CXX='g++'
CXXFLAGS='-g -O2'
DEFS='-DPACKAGE_NAME=\"Yate\" -DPACKAGE_TARNAME=\"yate\" -DPACKAGE_VERSION=\"5.5.0\" -DPACKAGE_STRING=\"Yate\ 5.5.0\" -DPACKAGE_BUGREPORT=\"\" -DSTDC_HEADERS=1 -DHAVE_SYS_TYPES_H=1 -DHAVE_SYS_STAT_H=1 -DHAVE_STDLIB_H=1 -DHAVE_STRING_H=1 -DHAVE_MEMORY_H=1 -DHAVE_STRINGS_H=1 -DHAVE_INTTYPES_H=1 -DHAVE_STDINT_H=1 -DHAVE_UNISTD_H=1 -DHAVE_DIRENT_H=1 -DSTDC_HEADERS=1 -DHAVE_FCNTL_H=1 -DHAVE_SEMAPHORE_H=1 -DHAVE_ARPA_INET_H=1 -DHAVE_NETDB_H=1 -DHAVE_NETINET_IN_H=1 -DHAVE_SYS_IOCTL_H=1 -DHAVE_SYS_SOCKET_H=1 -DHAVE_SYS_TIME_H=1 -DTIME_WITH_SYS_TIME=1 -DRETSIGTYPE=void -DHAVE_MALLOC=1 -DHAVE_GETTIMEOFDAY=1 -DHAVE_INET_NTOA=1 -DHAVE_MEMMOVE=1 -DHAVE_STRERROR=1 -DHAVE_GETCWD=1 -DHAVE_LIBDL=1 -DHAVE_REGCOMP=1'
DLOPEN_LIB='-ldl'
DOXYGEN_BIN=''
ECHO_C=''
ECHO_N='-n'
ECHO_T=''
EGREP='/bin/grep -E'
EXEEXT=''
FDSIZE_HACK='-DHAVE_POLL -DFDSIZE_HACK=8192'
GREP='/bin/grep'
GSM_INC=''
GSM_LIB='-lgsm'
H323_INC=''
H323_LIB=''
H323_RUN=''
HAVE_ALSA='no'
HAVE_AMRNB='no'
HAVE_BLOCK_RETURN='-DHAVE_BLOCK_RETURN'
HAVE_COREAUDIO='no'
HAVE_COREDUMPER='no'
HAVE_GETCWD='-DHAVE_GETCWD'
HAVE_GMTOFF='-DHAVE_GMTOFF'
HAVE_GSM='no'
HAVE_H323='no'
HAVE_ILBC='yes'
HAVE_ILBCWR='yes'
HAVE_INT_TZ='-DHAVE_INT_TZ'
HAVE_ISAC='yes'
HAVE_MACOSX_SUPPORT='no'
HAVE_MALLINFO='yes'
HAVE_MYSQL='no'
HAVE_OPENSSL='no'
HAVE_PGSQL='yes'
HAVE_POLL='yes'
HAVE_PRCTL='-DHAVE_PRCTL'
HAVE_QT4='no'
HAVE_RESOLV='yes'
HAVE_SCTP='no'
HAVE_SCTP_NETINET='no'
HAVE_SOCKADDR_LEN=''
HAVE_SOUNDCARD='yes'
HAVE_SPANDSP='no'
HAVE_SPEEX='no'
HAVE_SQLITE='no'
HAVE_WANPIPE='no'
HAVE_WANPIPE_TDM='no'
HAVE_ZAP='no'
HAVE_ZLIB='no'
ILBCWR_INC='-I/home/pascale/Downloads/mvno-network/yate/libs/miniwebrtc/audio/coding_ilbc'
ILBC_INC='-I/home/pascale/Downloads/mvno-network/yate/libs/ilbc'
INLINE_FLAGS=''
INSTALL_D='install -D'
INSTALL_L=''
INTERNAL_REGEX='no'
ISAC_INC='-I/home/pascale/Downloads/mvno-network/yate/libs/miniwebrtc/audio/coding_isac/main'
KDOC_BIN=''
LDFLAGS=''
LIBOBJS=''
LIBS=''
LTLIBOBJS=''
MACOSX_INC=''
MODULE_CFLAGS='-fno-exceptions -fPIC -DHAVE_GCC_FORMAT_CHECK -DHAVE_BLOCK_RETURN'
MODULE_CPPFLAGS='-Wno-overloaded-virtual  -fno-exceptions -fPIC -DHAVE_GCC_FORMAT_CHECK -DHAVE_BLOCK_RETURN'
MODULE_LDFLAGS='-rdynamic -shared -Wl,--unresolved-symbols=ignore-in-shared-libs'
MODULE_LDRELAX='-rdynamic -shared'
MODULE_SYMBOLS='-Wl,--retain-symbols-file,/dev/null'
MUTEX_HACK=' -DHAVE_TIMEDLOCK -DHAVE_TIMEDWAIT'
MYSQL_INC=''
MYSQL_LIB=''
MYSQL_VER=''
NETDB_FLAGS=' -DHAVE_NTOP -DHAVE_PTON -DHAVE_GHBN_R -DHAVE_GHBN2_R -DHAVE_GHBN2'
OBJCFLAGS=''
OBJEXT='o'
OPENSSL_INC=''
OPENSSL_LIB=''
OPENSSL_VER=''
PACKAGE_BUGREPORT=''
PACKAGE_NAME='Yate'
PACKAGE_RELEASE='1'
PACKAGE_REVISION='5968'
PACKAGE_STATUS=''
PACKAGE_STRING='Yate 5.5.0'
PACKAGE_TARNAME='yate'
PACKAGE_VERSION='5.5.0'
PACKAGE_VERSION_BUILD='0'
PACKAGE_VERSION_MAJOR='5'
PACKAGE_VERSION_MINOR='5'
PACKAGE_VERSION_RELEASE='1'
PATH_SEPARATOR=':'
PGSQL_INC='-I/usr/include'
PGSQL_LIB='-lpq'
QT4_INC=''
QT4_INC_NET=''
QT4_LIB=''
QT4_LIB_NET=''
QT4_MOC=''
QT4_STATIC_MODULES='no'
QT4_VER=''
RESOLV_INC=''
RESOLV_LIB='-lresolv'
RTTI_OPT=''
SCTP_FLAGS=''
SHELL='/bin/sh'
SONAME_OPT='-shared -Wl,-soname='
SPANDSP_INC=''
SPANDSP_LIB='-lspandsp'
SPEEX_INC=''
SPEEX_LIB='-lspeex'
SQLITE_INC=''
SQLITE_LIB=''
SSE2_OPS='no'
THREAD_KILL=''
THREAD_LIB='-lpthread'
USE_RTTI='none'
WANPIPE_FLAGS=''
ZAP_FLAGS=''
ZLIB_INC=''
ZLIB_LIB=''
ac_ct_CC='gcc'
ac_ct_CXX='g++'
bindir='${exec_prefix}/bin'
build_alias=''
datadir='${datarootdir}'
datarootdir='${prefix}/share'
docdir='${datarootdir}/doc/${PACKAGE_TARNAME}'
dvidir='${docdir}'
exec_prefix='${prefix}'
host_alias=''
htmldir='${docdir}'
includedir='${prefix}/include'
infodir='${datarootdir}/info'
libdir='${exec_prefix}/lib'
libexecdir='${exec_prefix}/libexec'
localedir='${datarootdir}/locale'
localstatedir='${prefix}/var'
mandir='${datarootdir}/man'
oldincludedir='/usr/include'
pdfdir='${docdir}'
prefix='/usr/local'
program_transform_name='s,x,x,'
psdir='${docdir}'
sbindir='${exec_prefix}/sbin'
sharedstatedir='${prefix}/com'
sysconfdir='${prefix}/etc'
target_alias=''

## ----------- ##
## confdefs.h. ##
## ----------- ##

#define PACKAGE_NAME "Yate"
#define PACKAGE_TARNAME "yate"
#define PACKAGE_VERSION "5.5.0"
#define PACKAGE_STRING "Yate 5.5.0"
#define PACKAGE_BUGREPORT ""
#define STDC_HEADERS 1
#define HAVE_SYS_TYPES_H 1
#define HAVE_SYS_STAT_H 1
#define HAVE_STDLIB_H 1
#define HAVE_STRING_H 1
#define HAVE_MEMORY_H 1
#define HAVE_STRINGS_H 1
#define HAVE_INTTYPES_H 1
#define HAVE_STDINT_H 1
#define HAVE_UNISTD_H 1
#define HAVE_DIRENT_H 1
#define STDC_HEADERS 1
#define HAVE_FCNTL_H 1
#define HAVE_SEMAPHORE_H 1
#define HAVE_ARPA_INET_H 1
#define HAVE_NETDB_H 1
#define HAVE_NETINET_IN_H 1
#define HAVE_SYS_IOCTL_H 1
#define HAVE_SYS_SOCKET_H 1
#define HAVE_SYS_TIME_H 1
#define TIME_WITH_SYS_TIME 1
#define RETSIGTYPE void
#define HAVE_MALLOC 1
#define HAVE_GETTIMEOFDAY 1
#define HAVE_INET_NTOA 1
#define HAVE_MEMMOVE 1
#define HAVE_STRERROR 1
#define HAVE_GETCWD 1
#define HAVE_LIBDL 1
#define HAVE_REGCOMP 1

configure: exit 0
